INFO [2021-09-03 13:12:29] $x
INFO [2021-09-03 13:12:29] list(set1, set2)
INFO [2021-09-03 13:12:29] 
INFO [2021-09-03 13:12:29] $category.names
INFO [2021-09-03 13:12:29] c("Set 1", "Set 2 ")
INFO [2021-09-03 13:12:29] 
INFO [2021-09-03 13:12:29] $filename
INFO [2021-09-03 13:12:29] [1] "#14_venn_diagramm.png"
INFO [2021-09-03 13:12:29] 
INFO [2021-09-03 13:12:29] $output
INFO [2021-09-03 13:12:29] [1] TRUE
INFO [2021-09-03 13:12:29] 
INFO [2021-09-03 13:12:29] $imagetype
INFO [2021-09-03 13:12:29] [1] "png"
INFO [2021-09-03 13:12:29] 
INFO [2021-09-03 13:12:29] $height
INFO [2021-09-03 13:12:29] [1] 480
INFO [2021-09-03 13:12:29] 
INFO [2021-09-03 13:12:29] $width
INFO [2021-09-03 13:12:29] [1] 480
INFO [2021-09-03 13:12:29] 
INFO [2021-09-03 13:12:29] $resolution
INFO [2021-09-03 13:12:29] [1] 300
INFO [2021-09-03 13:12:29] 
INFO [2021-09-03 13:12:29] $compression
INFO [2021-09-03 13:12:29] [1] "lzw"
INFO [2021-09-03 13:12:29] 
INFO [2021-09-03 13:12:29] $lwd
INFO [2021-09-03 13:12:29] [1] 2
INFO [2021-09-03 13:12:29] 
INFO [2021-09-03 13:12:29] $lty
INFO [2021-09-03 13:12:29] [1] "blank"
INFO [2021-09-03 13:12:29] 
INFO [2021-09-03 13:12:29] $fill
INFO [2021-09-03 13:12:29] myCol
INFO [2021-09-03 13:12:29] 
INFO [2021-09-03 13:12:29] $cex
INFO [2021-09-03 13:12:29] [1] 0.6
INFO [2021-09-03 13:12:29] 
INFO [2021-09-03 13:12:29] $fontface
INFO [2021-09-03 13:12:29] [1] "bold"
INFO [2021-09-03 13:12:29] 
INFO [2021-09-03 13:12:29] $fontfamily
INFO [2021-09-03 13:12:29] [1] "sans"
INFO [2021-09-03 13:12:29] 
INFO [2021-09-03 13:12:29] $cat.cex
INFO [2021-09-03 13:12:29] [1] 0.6
INFO [2021-09-03 13:12:29] 
INFO [2021-09-03 13:12:29] $cat.fontface
INFO [2021-09-03 13:12:29] [1] "bold"
INFO [2021-09-03 13:12:29] 
INFO [2021-09-03 13:12:29] $cat.default.pos
INFO [2021-09-03 13:12:29] [1] "outer"
INFO [2021-09-03 13:12:29] 
INFO [2021-09-03 13:12:29] $cat.pos
INFO [2021-09-03 13:12:29] c(-27, 27, 135)
INFO [2021-09-03 13:12:29] 
INFO [2021-09-03 13:12:29] $cat.dist
INFO [2021-09-03 13:12:29] c(0.055, 0.055, 0.085)
INFO [2021-09-03 13:12:29] 
INFO [2021-09-03 13:12:29] $cat.fontfamily
INFO [2021-09-03 13:12:29] [1] "sans"
INFO [2021-09-03 13:12:29] 
INFO [2021-09-03 13:12:29] $rotation
INFO [2021-09-03 13:12:29] [1] 1
INFO [2021-09-03 13:12:29] 
ERROR [2021-09-03 13:12:29] Unexpected parameter length for 'fill'
ERROR [2021-09-03 13:35:40] Unexpected parameter length for 'fill'
ERROR [2021-09-03 13:36:29] Unexpected parameter length for 'fill'
